2022.01.31 10:10:55 INFO  tracing is disabled for protocol LSP, to enable tracing of incoming and outgoing JSON messages create an empty file at c:\project\scala\Personnes\.metals\lsp.trace.json or C:\Users\schoeniy\AppData\Local\scalameta\metals\cache\lsp.trace.json
2022.01.31 10:10:56 INFO  logging to file C:\project\scala\Personnes\.metals\metals.log
2022.01.31 10:10:56 INFO  Started: Metals version 0.11.1 in workspace 'C:\project\scala\Personnes' for client Visual Studio Code 1.63.2.
2022.01.31 10:10:56 INFO  Parse release: 1.8.0_281
2022.01.31 10:10:56 WARN  Can't instantiate JavaInteractiveSemanticdb (version: Some(JdkVersion(1,8)), jdkHome: C:\Program Files\Java\jre1.8.0_281, javac exists: false)
2022.01.31 10:10:56 INFO  time: initialize in 0.4s
2022.01.31 10:10:57 WARN  Build server is not auto-connectable.
2022.01.31 10:59:47 WARN  no build target for: C:\project\scala\Personnes\build.sbt
2022.01.31 10:59:50 INFO  no build target found for C:\project\scala\Personnes\build.sbt. Using presentation compiler with project's scala-library version: 3.1.0
2022.01.31 10:59:54 INFO  time: code lens generation in 6.26s
janv. 31, 2022 11:47:22 AM org.eclipse.lsp4j.jsonrpc.services.GenericEndpoint notify
INFOS: Unsupported notification method: $/setTrace
janv. 31, 2022 11:47:22 AM org.eclipse.lsp4j.jsonrpc.services.GenericEndpoint notify
INFOS: Unsupported notification method: $/setTrace
2022.02.05 15:05:06 INFO  tracing is disabled for protocol LSP, to enable tracing of incoming and outgoing JSON messages create an empty file at d:\Programation\Scala\scala-personnes\.metals\lsp.trace.json or C:\Users\y-sch\AppData\Local\scalameta\metals\cache\lsp.trace.json
2022.02.05 15:05:07 INFO  logging to file D:\Programation\Scala\scala-personnes\.metals\metals.log
2022.02.05 15:05:07 INFO  Started: Metals version 0.11.1 in workspace 'D:\Programation\Scala\scala-personnes' for client Visual Studio Code 1.63.2.
2022.02.05 15:05:07 INFO  Parse release: 11.0.12
2022.02.05 15:05:11 INFO  time: initialize in 4.12s
2022.02.05 15:05:16 WARN  Build server is not auto-connectable.
2022.02.05 15:05:16 WARN  no build target for: D:\Programation\Scala\scala-personnes\app\controllers\PersonnesController.scala
2022.02.05 15:05:16 WARN  no build target for: D:\Programation\Scala\scala-personnes\app\models\PersonnesRepository.scala
2022.02.05 15:05:26 INFO  no build target found for D:\Programation\Scala\scala-personnes\app\controllers\PersonnesController.scala. Using presentation compiler with project's scala-library version: 3.1.0
févr. 05, 2022 3:07:32 PM org.eclipse.lsp4j.jsonrpc.RemoteEndpoint handleCancellation
AVERTISSEMENT: Unmatched cancel notification for request id 30
Exception in thread "pool-3-thread-1" dotty.tools.dotc.core.TypeError: bad parameter reference A at typer
the parameter is type A in trait IterableOnceOps but the prefix <noprefix>
does not define any corresponding arguments.
idx = 0, args = List()
	at dotty.tools.dotc.core.Types$NamedType.argDenot(Types.scala:2304)
	at dotty.tools.dotc.core.Types$NamedType.fromDesignator$1(Types.scala:2218)
	at dotty.tools.dotc.core.Types$NamedType.computeDenot(Types.scala:2236)
	at dotty.tools.dotc.core.Types$NamedType.denot(Types.scala:2191)
	at dotty.tools.dotc.core.Types$NamedType.info(Types.scala:2179)
	at dotty.tools.dotc.core.Types$Type.dealias1(Types.scala:1361)
	at dotty.tools.dotc.core.Types$Type.dealias(Types.scala:1384)
	at dotty.tools.dotc.core.Definitions.isTupleNType(Definitions.scala:1476)
	at dotty.tools.dotc.printing.RefinedPrinter.toTextFunction$1$$anonfun$1(RefinedPrinter.scala:150)
	at dotty.tools.dotc.printing.Printer.atPrec(Printer.scala:43)
	at dotty.tools.dotc.printing.Printer.changePrec(Printer.scala:72)
	at dotty.tools.dotc.printing.RefinedPrinter.toTextFunction$2(RefinedPrinter.scala:160)
	at dotty.tools.dotc.printing.RefinedPrinter.appliedText$2(RefinedPrinter.scala:222)
	at dotty.tools.dotc.printing.RefinedPrinter.toText$$anonfun$1(RefinedPrinter.scala:234)
	at dotty.tools.dotc.printing.MessageLimiter.controlled(MessageLimiter.scala:23)
	at dotty.tools.dotc.printing.PlainPrinter.controlled(PlainPrinter.scala:35)
	at dotty.tools.dotc.printing.RefinedPrinter.toText(RefinedPrinter.scala:300)
	at scala.meta.internal.pc.SymbolPrinter.typeString(SymbolPrinter.scala:25)
	at scala.meta.internal.pc.SymbolPrinter.paramLabel(SymbolPrinter.scala:270)
	at scala.meta.internal.pc.SymbolPrinter.$anonfun$7(SymbolPrinter.scala:159)
	at scala.collection.immutable.List.flatMap(List.scala:293)
	at scala.meta.internal.pc.SymbolPrinter.label$2$$anonfun$1(SymbolPrinter.scala:159)
	at scala.collection.immutable.List.flatMap(List.scala:293)
	at scala.meta.internal.pc.SymbolPrinter.label$1(SymbolPrinter.scala:163)
	at scala.meta.internal.pc.SymbolPrinter.defaultMethodSignature(SymbolPrinter.scala:166)
	at scala.meta.internal.pc.SymbolPrinter.hoverDetailString(SymbolPrinter.scala:78)
	at scala.meta.internal.pc.ScalaPresentationCompiler.hover$$anonfun$1(ScalaPresentationCompiler.scala:402)
	at scala.meta.internal.pc.CompilerAccess.withSharedCompiler(CompilerAccess.scala:137)
	at scala.meta.internal.pc.CompilerAccess.withNonInterruptableCompiler$$anonfun$1(CompilerAccess.scala:125)
	at scala.meta.internal.pc.CompilerAccess.onCompilerJobQueue$$anonfun$1(CompilerAccess.scala:197)
	at scala.meta.internal.pc.CompilerJobQueue$Job.run(CompilerJobQueue.scala:139)
	at java.base/java.util.concurrent.ThreadPoolExecutor.runWorker(ThreadPoolExecutor.java:1128)
	at java.base/java.util.concurrent.ThreadPoolExecutor$Worker.run(ThreadPoolExecutor.java:628)
	at java.base/java.lang.Thread.run(Thread.java:829)
Exception in thread "pool-3-thread-2" dotty.tools.dotc.core.TypeError: bad parameter reference A at typer
the parameter is type A in trait IterableOnceOps but the prefix <noprefix>
does not define any corresponding arguments.
idx = 0, args = List()
	at dotty.tools.dotc.core.Types$NamedType.argDenot(Types.scala:2304)
	at dotty.tools.dotc.core.Types$NamedType.fromDesignator$1(Types.scala:2218)
	at dotty.tools.dotc.core.Types$NamedType.computeDenot(Types.scala:2236)
	at dotty.tools.dotc.core.Types$NamedType.denot(Types.scala:2191)
	at dotty.tools.dotc.core.Types$NamedType.info(Types.scala:2179)
	at dotty.tools.dotc.core.Types$Type.dealias1(Types.scala:1361)
	at dotty.tools.dotc.core.Types$Type.dealias(Types.scala:1384)
	at dotty.tools.dotc.core.Definitions.isTupleNType(Definitions.scala:1476)
	at dotty.tools.dotc.printing.RefinedPrinter.toTextFunction$1$$anonfun$1(RefinedPrinter.scala:150)
	at dotty.tools.dotc.printing.Printer.atPrec(Printer.scala:43)
	at dotty.tools.dotc.printing.Printer.changePrec(Printer.scala:72)
	at dotty.tools.dotc.printing.RefinedPrinter.toTextFunction$2(RefinedPrinter.scala:160)
	at dotty.tools.dotc.printing.RefinedPrinter.appliedText$2(RefinedPrinter.scala:222)
	at dotty.tools.dotc.printing.RefinedPrinter.toText$$anonfun$1(RefinedPrinter.scala:234)
	at dotty.tools.dotc.printing.MessageLimiter.controlled(MessageLimiter.scala:23)
	at dotty.tools.dotc.printing.PlainPrinter.controlled(PlainPrinter.scala:35)
	at dotty.tools.dotc.printing.RefinedPrinter.toText(RefinedPrinter.scala:300)
	at scala.meta.internal.pc.SymbolPrinter.typeString(SymbolPrinter.scala:25)
	at scala.meta.internal.pc.SymbolPrinter.paramLabel(SymbolPrinter.scala:270)
	at scala.meta.internal.pc.SymbolPrinter.$anonfun$7(SymbolPrinter.scala:159)
	at scala.collection.immutable.List.flatMap(List.scala:293)
	at scala.meta.internal.pc.SymbolPrinter.label$2$$anonfun$1(SymbolPrinter.scala:159)
	at scala.collection.immutable.List.flatMap(List.scala:293)
	at scala.meta.internal.pc.SymbolPrinter.label$1(SymbolPrinter.scala:163)
	at scala.meta.internal.pc.SymbolPrinter.defaultMethodSignature(SymbolPrinter.scala:166)
	at scala.meta.internal.pc.SymbolPrinter.hoverDetailString(SymbolPrinter.scala:78)
	at scala.meta.internal.pc.ScalaPresentationCompiler.hover$$anonfun$1(ScalaPresentationCompiler.scala:402)
	at scala.meta.internal.pc.CompilerAccess.withSharedCompiler(CompilerAccess.scala:137)
	at scala.meta.internal.pc.CompilerAccess.withNonInterruptableCompiler$$anonfun$1(CompilerAccess.scala:125)
	at scala.meta.internal.pc.CompilerAccess.onCompilerJobQueue$$anonfun$1(CompilerAccess.scala:197)
	at scala.meta.internal.pc.CompilerJobQueue$Job.run(CompilerJobQueue.scala:139)
	at java.base/java.util.concurrent.ThreadPoolExecutor.runWorker(ThreadPoolExecutor.java:1128)
	at java.base/java.util.concurrent.ThreadPoolExecutor$Worker.run(ThreadPoolExecutor.java:628)
	at java.base/java.lang.Thread.run(Thread.java:829)
Exception in thread "pool-3-thread-3" dotty.tools.dotc.core.TypeError: bad parameter reference A at typer
the parameter is type A in trait IterableOnceOps but the prefix <noprefix>
does not define any corresponding arguments.
idx = 0, args = List()
	at dotty.tools.dotc.core.Types$NamedType.argDenot(Types.scala:2304)
	at dotty.tools.dotc.core.Types$NamedType.fromDesignator$1(Types.scala:2218)
	at dotty.tools.dotc.core.Types$NamedType.computeDenot(Types.scala:2236)
	at dotty.tools.dotc.core.Types$NamedType.denot(Types.scala:2191)
	at dotty.tools.dotc.core.Types$NamedType.info(Types.scala:2179)
	at dotty.tools.dotc.core.Types$Type.dealias1(Types.scala:1361)
	at dotty.tools.dotc.core.Types$Type.dealias(Types.scala:1384)
	at dotty.tools.dotc.core.Definitions.isTupleNType(Definitions.scala:1476)
	at dotty.tools.dotc.printing.RefinedPrinter.toTextFunction$1$$anonfun$1(RefinedPrinter.scala:150)
	at dotty.tools.dotc.printing.Printer.atPrec(Printer.scala:43)
	at dotty.tools.dotc.printing.Printer.changePrec(Printer.scala:72)
	at dotty.tools.dotc.printing.RefinedPrinter.toTextFunction$2(RefinedPrinter.scala:160)
	at dotty.tools.dotc.printing.RefinedPrinter.appliedText$2(RefinedPrinter.scala:222)
	at dotty.tools.dotc.printing.RefinedPrinter.toText$$anonfun$1(RefinedPrinter.scala:234)
	at dotty.tools.dotc.printing.MessageLimiter.controlled(MessageLimiter.scala:23)
	at dotty.tools.dotc.printing.PlainPrinter.controlled(PlainPrinter.scala:35)
	at dotty.tools.dotc.printing.RefinedPrinter.toText(RefinedPrinter.scala:300)
	at scala.meta.internal.pc.SymbolPrinter.typeString(SymbolPrinter.scala:25)
	at scala.meta.internal.pc.SymbolPrinter.paramLabel(SymbolPrinter.scala:270)
	at scala.meta.internal.pc.SymbolPrinter.$anonfun$7(SymbolPrinter.scala:159)
	at scala.collection.immutable.List.flatMap(List.scala:293)
	at scala.meta.internal.pc.SymbolPrinter.label$2$$anonfun$1(SymbolPrinter.scala:159)
	at scala.collection.immutable.List.flatMap(List.scala:293)
	at scala.meta.internal.pc.SymbolPrinter.label$1(SymbolPrinter.scala:163)
	at scala.meta.internal.pc.SymbolPrinter.defaultMethodSignature(SymbolPrinter.scala:166)
	at scala.meta.internal.pc.SymbolPrinter.hoverDetailString(SymbolPrinter.scala:78)
	at scala.meta.internal.pc.ScalaPresentationCompiler.hover$$anonfun$1(ScalaPresentationCompiler.scala:402)
	at scala.meta.internal.pc.CompilerAccess.withSharedCompiler(CompilerAccess.scala:137)
	at scala.meta.internal.pc.CompilerAccess.withNonInterruptableCompiler$$anonfun$1(CompilerAccess.scala:125)
	at scala.meta.internal.pc.CompilerAccess.onCompilerJobQueue$$anonfun$1(CompilerAccess.scala:197)
	at scala.meta.internal.pc.CompilerJobQueue$Job.run(CompilerJobQueue.scala:139)
	at java.base/java.util.concurrent.ThreadPoolExecutor.runWorker(ThreadPoolExecutor.java:1128)
	at java.base/java.util.concurrent.ThreadPoolExecutor$Worker.run(ThreadPoolExecutor.java:628)
	at java.base/java.lang.Thread.run(Thread.java:829)
Exception in thread "pool-3-thread-4" dotty.tools.dotc.core.TypeError: bad parameter reference A at typer
the parameter is type A in trait IterableOnceOps but the prefix <noprefix>
does not define any corresponding arguments.
idx = 0, args = List()
	at dotty.tools.dotc.core.Types$NamedType.argDenot(Types.scala:2304)
	at dotty.tools.dotc.core.Types$NamedType.fromDesignator$1(Types.scala:2218)
	at dotty.tools.dotc.core.Types$NamedType.computeDenot(Types.scala:2236)
	at dotty.tools.dotc.core.Types$NamedType.denot(Types.scala:2191)
	at dotty.tools.dotc.core.Types$NamedType.info(Types.scala:2179)
	at dotty.tools.dotc.core.Types$Type.dealias1(Types.scala:1361)
	at dotty.tools.dotc.core.Types$Type.dealias(Types.scala:1384)
	at dotty.tools.dotc.core.Definitions.isTupleNType(Definitions.scala:1476)
	at dotty.tools.dotc.printing.RefinedPrinter.toTextFunction$1$$anonfun$1(RefinedPrinter.scala:150)
	at dotty.tools.dotc.printing.Printer.atPrec(Printer.scala:43)
	at dotty.tools.dotc.printing.Printer.changePrec(Printer.scala:72)
	at dotty.tools.dotc.printing.RefinedPrinter.toTextFunction$2(RefinedPrinter.scala:160)
	at dotty.tools.dotc.printing.RefinedPrinter.appliedText$2(RefinedPrinter.scala:222)
	at dotty.tools.dotc.printing.RefinedPrinter.toText$$anonfun$1(RefinedPrinter.scala:234)
	at dotty.tools.dotc.printing.MessageLimiter.controlled(MessageLimiter.scala:23)
	at dotty.tools.dotc.printing.PlainPrinter.controlled(PlainPrinter.scala:35)
	at dotty.tools.dotc.printing.RefinedPrinter.toText(RefinedPrinter.scala:300)
	at scala.meta.internal.pc.SymbolPrinter.typeString(SymbolPrinter.scala:25)
	at scala.meta.internal.pc.SymbolPrinter.paramLabel(SymbolPrinter.scala:270)
	at scala.meta.internal.pc.SymbolPrinter.$anonfun$7(SymbolPrinter.scala:159)
	at scala.collection.immutable.List.flatMap(List.scala:293)
	at scala.meta.internal.pc.SymbolPrinter.label$2$$anonfun$1(SymbolPrinter.scala:159)
	at scala.collection.immutable.List.flatMap(List.scala:293)
	at scala.meta.internal.pc.SymbolPrinter.label$1(SymbolPrinter.scala:163)
	at scala.meta.internal.pc.SymbolPrinter.defaultMethodSignature(SymbolPrinter.scala:166)
	at scala.meta.internal.pc.SymbolPrinter.hoverDetailString(SymbolPrinter.scala:78)
	at scala.meta.internal.pc.ScalaPresentationCompiler.hover$$anonfun$1(ScalaPresentationCompiler.scala:402)
	at scala.meta.internal.pc.CompilerAccess.withSharedCompiler(CompilerAccess.scala:137)
	at scala.meta.internal.pc.CompilerAccess.withNonInterruptableCompiler$$anonfun$1(CompilerAccess.scala:125)
	at scala.meta.internal.pc.CompilerAccess.onCompilerJobQueue$$anonfun$1(CompilerAccess.scala:197)
	at scala.meta.internal.pc.CompilerJobQueue$Job.run(CompilerJobQueue.scala:139)
	at java.base/java.util.concurrent.ThreadPoolExecutor.runWorker(ThreadPoolExecutor.java:1128)
	at java.base/java.util.concurrent.ThreadPoolExecutor$Worker.run(ThreadPoolExecutor.java:628)
	at java.base/java.lang.Thread.run(Thread.java:829)
2022.02.05 15:08:57 WARN  no build target for: D:\Programation\Scala\scala-personnes\app\models\PersonnesRepository.scala
2022.02.05 15:11:02 WARN  no build target for: D:\Programation\Scala\scala-personnes\app\models\PersonnesRepository.scala
2022.02.05 15:13:26 WARN  no build target for: D:\Programation\Scala\scala-personnes\app\models\PersonnesRepository.scala
févr. 05, 2022 3:14:41 PM org.eclipse.lsp4j.jsonrpc.RemoteEndpoint handleCancellation
AVERTISSEMENT: Unmatched cancel notification for request id 361
2022.02.05 15:28:24 WARN  no build target for: D:\Programation\Scala\scala-personnes\build.sbt
2022.02.05 15:31:01 INFO  shutting down Metals
2022.02.05 15:31:01 ERROR Unexpected error initializing server
org.eclipse.lsp4j.jsonrpc.ResponseErrorException: Request window/showMessageRequest failed with message: Canceled
	at org.eclipse.lsp4j.jsonrpc.RemoteEndpoint.handleResponse(RemoteEndpoint.java:209)
	at org.eclipse.lsp4j.jsonrpc.RemoteEndpoint.consume(RemoteEndpoint.java:193)
	at org.eclipse.lsp4j.jsonrpc.json.StreamMessageProducer.handleMessage(StreamMessageProducer.java:194)
	at org.eclipse.lsp4j.jsonrpc.json.StreamMessageProducer.listen(StreamMessageProducer.java:94)
	at org.eclipse.lsp4j.jsonrpc.json.ConcurrentMessageProcessor.run(ConcurrentMessageProcessor.java:113)
	at java.util.concurrent.Executors$RunnableAdapter.call(Executors.java:515)
	at java.util.concurrent.FutureTask.run(FutureTask.java:264)
	at java.util.concurrent.ThreadPoolExecutor.runWorker(ThreadPoolExecutor.java:1128)
	at java.util.concurrent.ThreadPoolExecutor$Worker.run(ThreadPoolExecutor.java:628)
	at java.lang.Thread.run(Thread.java:829)

2022.02.05 21:23:38 INFO  tracing is disabled for protocol LSP, to enable tracing of incoming and outgoing JSON messages create an empty file at d:\Programation\Scala\scala-personnes\.metals\lsp.trace.json or C:\Users\y-sch\AppData\Local\scalameta\metals\cache\lsp.trace.json
2022.02.05 21:23:39 INFO  logging to file D:\Programation\Scala\scala-personnes\.metals\metals.log
2022.02.05 21:23:39 INFO  Started: Metals version 0.11.1 in workspace 'D:\Programation\Scala\scala-personnes' for client Visual Studio Code 1.63.2.
2022.02.05 21:23:39 INFO  Parse release: 11.0.12
2022.02.05 21:23:42 INFO  time: initialize in 2.82s
2022.02.05 21:23:42 WARN  Build server is not auto-connectable.
2022.02.05 21:23:42 INFO  skipping build import with status 'Requested'
2022.02.05 21:25:21 WARN  no build target for: D:\Programation\Scala\scala-personnes\build.sbt
févr. 05, 2022 9:25:22 PM org.eclipse.lsp4j.jsonrpc.RemoteEndpoint handleCancellation
AVERTISSEMENT: Unmatched cancel notification for request id 1
2022.02.05 21:25:27 INFO  no build target found for D:\Programation\Scala\scala-personnes\build.sbt. Using presentation compiler with project's scala-library version: 3.1.0
2022.02.05 21:25:29 INFO  time: code lens generation in 1.8s
2022.02.05 21:25:29 INFO  time: code lens generation in 6.82s
2022.02.05 21:25:29 INFO  time: code lens generation in 7s
2022.02.05 21:31:33 WARN  no build target for: D:\Programation\Scala\scala-personnes\app\controllers\PersonnesController.scala
2022.02.05 21:31:37 WARN  no build target for: D:\Programation\Scala\scala-personnes\build.sbt
2022.02.05 21:31:40 WARN  no build target for: D:\Programation\Scala\scala-personnes\build.sbt
2022.02.05 21:31:50 WARN  no build target for: D:\Programation\Scala\scala-personnes\app\controllers\HomeController.scala
2022.02.05 21:31:51 WARN  no build target for: D:\Programation\Scala\scala-personnes\app\models\PersonnesRepository.scala
févr. 05, 2022 9:35:06 PM org.eclipse.lsp4j.jsonrpc.RemoteEndpoint handleCancellation
AVERTISSEMENT: Unmatched cancel notification for request id 255
2022.02.05 21:35:56 WARN  no build target for: D:\Programation\Scala\scala-personnes\app\models\PersonnesRepository.scala
2022.02.05 21:37:02 WARN  no build target for: D:\Programation\Scala\scala-personnes\app\models\PersonnesRepository.scala
2022.02.05 21:37:24 WARN  no build target for: D:\Programation\Scala\scala-personnes\app\models\PersonnesRepository.scala
2022.02.05 21:40:16 WARN  no build target for: D:\Programation\Scala\scala-personnes\app\services\Personnes.service.scala.scala
2022.02.05 21:40:29 WARN  no build target for: D:\Programation\Scala\scala-personnes\app\models\DatabaseExecutionContext.scala
2022.02.05 21:40:33 WARN  no build target for: D:\Programation\Scala\scala-personnes\app\services\DatabaseExecutionContext.scala
2022.02.05 21:40:41 WARN  no build target for: D:\Programation\Scala\scala-personnes\app\models\Personnes.model.scala
2022.02.05 21:41:01 WARN  no build target for: D:\Programation\Scala\scala-personnes\app\models\Personnes.model.scala
2022.02.05 21:41:01 WARN  no build target for: D:\Programation\Scala\scala-personnes\app\services\Personnes.service.scala.scala
2022.02.05 21:41:48 WARN  no build target for: D:\Programation\Scala\scala-personnes\app\models\Personnes.model.scala
2022.02.05 21:43:06 WARN  no build target for: D:\Programation\Scala\scala-personnes\app\models\Personnes.model.scala
2022.02.05 21:48:34 WARN  no build target for: D:\Programation\Scala\scala-personnes\app\models\Personnes.model.scala
2022.02.05 21:48:54 WARN  no build target for: D:\Programation\Scala\scala-personnes\app\models\Personnes.model.scala
2022.02.05 21:49:14 WARN  no build target for: D:\Programation\Scala\scala-personnes\app\controllers\HomeController.scala
2022.02.05 21:51:40 WARN  no build target for: D:\Programation\Scala\scala-personnes\app\controllers\PersonnesController.scala
févr. 05, 2022 9:52:01 PM org.eclipse.lsp4j.jsonrpc.RemoteEndpoint fallbackResponseError
GRAVE: Internal error: java.lang.reflect.InvocationTargetException
java.lang.RuntimeException: java.lang.reflect.InvocationTargetException
	at org.eclipse.lsp4j.jsonrpc.services.GenericEndpoint.lambda$null$0(GenericEndpoint.java:67)
	at org.eclipse.lsp4j.jsonrpc.services.GenericEndpoint.request(GenericEndpoint.java:120)
	at org.eclipse.lsp4j.jsonrpc.RemoteEndpoint.handleRequest(RemoteEndpoint.java:261)
	at org.eclipse.lsp4j.jsonrpc.RemoteEndpoint.consume(RemoteEndpoint.java:190)
	at org.eclipse.lsp4j.jsonrpc.json.StreamMessageProducer.handleMessage(StreamMessageProducer.java:194)
	at org.eclipse.lsp4j.jsonrpc.json.StreamMessageProducer.listen(StreamMessageProducer.java:94)
	at org.eclipse.lsp4j.jsonrpc.json.ConcurrentMessageProcessor.run(ConcurrentMessageProcessor.java:113)
	at java.base/java.util.concurrent.Executors$RunnableAdapter.call(Executors.java:515)
	at java.base/java.util.concurrent.FutureTask.run(FutureTask.java:264)
	at java.base/java.util.concurrent.ThreadPoolExecutor.runWorker(ThreadPoolExecutor.java:1128)
	at java.base/java.util.concurrent.ThreadPoolExecutor$Worker.run(ThreadPoolExecutor.java:628)
	at java.base/java.lang.Thread.run(Thread.java:829)
Caused by: java.lang.reflect.InvocationTargetException
	at jdk.internal.reflect.GeneratedMethodAccessor7.invoke(Unknown Source)
	at java.base/jdk.internal.reflect.DelegatingMethodAccessorImpl.invoke(DelegatingMethodAccessorImpl.java:43)
	at java.base/java.lang.reflect.Method.invoke(Method.java:566)
	at org.eclipse.lsp4j.jsonrpc.services.GenericEndpoint.lambda$null$0(GenericEndpoint.java:65)
	... 11 more
Caused by: java.lang.IllegalArgumentException: 23 is not a valid line number, allowed [0..8]
	at scala.meta.internal.inputs.InternalInput.lineToOffset(InternalInput.scala:37)
	at scala.meta.internal.inputs.InternalInput.lineToOffset$(InternalInput.scala:32)
	at scala.meta.inputs.Input$VirtualFile.lineToOffset(Input.scala:80)
	at scala.meta.inputs.Position$Range$.apply(Position.scala:59)
	at scala.meta.internal.mtags.MtagsEnrichments$XtensionPositionLspInverse.toMeta(MtagsEnrichments.scala:133)
	at scala.meta.internal.parsing.Trees.$anonfun$findLastEnclosingAt$4(Trees.scala:77)
	at scala.Option.flatMap(Option.scala:271)
	at scala.meta.internal.parsing.Trees.findLastEnclosingAt(Trees.scala:76)
	at scala.meta.internal.metals.codeactions.PatternMatchRefactor.contribute(PatternMatchRefactor.scala:96)
	at scala.meta.internal.metals.CodeActionProvider$$anonfun$1.applyOrElse(CodeActionProvider.scala:64)
	at scala.meta.internal.metals.CodeActionProvider$$anonfun$1.applyOrElse(CodeActionProvider.scala:63)
	at scala.collection.immutable.List.collect(List.scala:323)
	at scala.meta.internal.metals.CodeActionProvider.codeActions(CodeActionProvider.scala:63)
	at scala.meta.internal.metals.MetalsLanguageServer.$anonfun$codeAction$1(MetalsLanguageServer.scala:1592)
	at scala.meta.internal.metals.CancelTokens$.future(CancelTokens.scala:38)
	at scala.meta.internal.metals.MetalsLanguageServer.codeAction(MetalsLanguageServer.scala:1591)
	... 15 more

févr. 05, 2022 9:52:06 PM org.eclipse.lsp4j.jsonrpc.RemoteEndpoint fallbackResponseError
GRAVE: Internal error: java.lang.reflect.InvocationTargetException
java.lang.RuntimeException: java.lang.reflect.InvocationTargetException
	at org.eclipse.lsp4j.jsonrpc.services.GenericEndpoint.lambda$null$0(GenericEndpoint.java:67)
	at org.eclipse.lsp4j.jsonrpc.services.GenericEndpoint.request(GenericEndpoint.java:120)
	at org.eclipse.lsp4j.jsonrpc.RemoteEndpoint.handleRequest(RemoteEndpoint.java:261)
	at org.eclipse.lsp4j.jsonrpc.RemoteEndpoint.consume(RemoteEndpoint.java:190)
	at org.eclipse.lsp4j.jsonrpc.json.StreamMessageProducer.handleMessage(StreamMessageProducer.java:194)
	at org.eclipse.lsp4j.jsonrpc.json.StreamMessageProducer.listen(StreamMessageProducer.java:94)
	at org.eclipse.lsp4j.jsonrpc.json.ConcurrentMessageProcessor.run(ConcurrentMessageProcessor.java:113)
	at java.base/java.util.concurrent.Executors$RunnableAdapter.call(Executors.java:515)
	at java.base/java.util.concurrent.FutureTask.run(FutureTask.java:264)
	at java.base/java.util.concurrent.ThreadPoolExecutor.runWorker(ThreadPoolExecutor.java:1128)
	at java.base/java.util.concurrent.ThreadPoolExecutor$Worker.run(ThreadPoolExecutor.java:628)
	at java.base/java.lang.Thread.run(Thread.java:829)
Caused by: java.lang.reflect.InvocationTargetException
	at jdk.internal.reflect.GeneratedMethodAccessor7.invoke(Unknown Source)
	at java.base/jdk.internal.reflect.DelegatingMethodAccessorImpl.invoke(DelegatingMethodAccessorImpl.java:43)
	at java.base/java.lang.reflect.Method.invoke(Method.java:566)
	at org.eclipse.lsp4j.jsonrpc.services.GenericEndpoint.lambda$null$0(GenericEndpoint.java:65)
	... 11 more
Caused by: java.lang.IllegalArgumentException: 9 is not a valid line number, allowed [0..8]
	at scala.meta.internal.inputs.InternalInput.lineToOffset(InternalInput.scala:37)
	at scala.meta.internal.inputs.InternalInput.lineToOffset$(InternalInput.scala:32)
	at scala.meta.inputs.Input$VirtualFile.lineToOffset(Input.scala:80)
	at scala.meta.inputs.Position$Range$.apply(Position.scala:59)
	at scala.meta.internal.mtags.MtagsEnrichments$XtensionPositionLspInverse.toMeta(MtagsEnrichments.scala:133)
	at scala.meta.internal.parsing.Trees.$anonfun$findLastEnclosingAt$4(Trees.scala:77)
	at scala.Option.flatMap(Option.scala:271)
	at scala.meta.internal.parsing.Trees.findLastEnclosingAt(Trees.scala:76)
	at scala.meta.internal.metals.codeactions.PatternMatchRefactor.contribute(PatternMatchRefactor.scala:96)
	at scala.meta.internal.metals.CodeActionProvider$$anonfun$1.applyOrElse(CodeActionProvider.scala:64)
	at scala.meta.internal.metals.CodeActionProvider$$anonfun$1.applyOrElse(CodeActionProvider.scala:63)
	at scala.collection.immutable.List.collect(List.scala:323)
	at scala.meta.internal.metals.CodeActionProvider.codeActions(CodeActionProvider.scala:63)
	at scala.meta.internal.metals.MetalsLanguageServer.$anonfun$codeAction$1(MetalsLanguageServer.scala:1592)
	at scala.meta.internal.metals.CancelTokens$.future(CancelTokens.scala:38)
	at scala.meta.internal.metals.MetalsLanguageServer.codeAction(MetalsLanguageServer.scala:1591)
	... 15 more

2022.02.05 21:52:44 WARN  no build target for: D:\Programation\Scala\scala-personnes\app\services\Personnes.service.scala.scala
